TN:
SF:src\useStyle.ts
FN:68,createStyleRegister
FN:78,(anonymous_1)
FN:81,(anonymous_2)
FN:125,(anonymous_3)
FNF:4
FNH:1
FNDA:40,createStyleRegister
FNDA:0,(anonymous_1)
FNDA:0,(anonymous_2)
FNDA:0,(anonymous_3)
DA:2,3
DA:39,3
DA:68,3
DA:76,40
DA:78,40
DA:80,0
DA:81,0
DA:85,0
DA:87,0
DA:89,0
DA:91,0
DA:92,0
DA:93,0
DA:96,0
DA:97,0
DA:103,0
DA:104,0
DA:105,0
DA:106,0
DA:107,0
DA:110,0
DA:116,0
DA:117,0
DA:125,0
LF:24
LH:5
BRDA:69,0,0,2
BRDA:76,1,0,6
BRDA:76,2,0,6
BRDA:76,3,0,8
BRDA:87,4,0,0
BRDA:87,4,1,0
BRDA:89,5,0,0
BRDA:89,6,0,0
BRDA:89,6,1,0
BRDA:89,6,2,0
BRDA:91,7,0,0
BRDA:91,8,0,0
BRDA:91,8,1,0
BRDA:91,9,0,0
BRDA:91,9,1,0
BRDA:96,10,0,0
BRDA:107,11,0,0
BRDA:107,11,1,0
BRDA:107,12,0,0
BRDA:107,12,1,0
BRDA:107,13,0,0
BRDA:107,13,1,0
BRDA:107,14,0,0
BRDA:107,14,1,0
BRF:24
BRH:4
end_of_record
